<?xml version="1.0" encoding="UTF-8"?>
<testng-results ignored="0" total="3" passed="3" failed="0" skipped="0">
  <reporter-output>
  </reporter-output>
  <suite started-at="2023-02-08T12:56:13 IST" name="Your Store" finished-at="2023-02-08T12:56:30 IST" duration-ms="17612">
    <groups>
    </groups>
    <test started-at="2023-02-08T12:56:13 IST" name="login" finished-at="2023-02-08T12:56:30 IST" duration-ms="17612">
      <class name="com.testcases.LoginPageTest">
        <test-method is-config="true" signature="setup()[pri:0, instance:com.testcases.LoginPageTest@15a34df2]" started-at="2023-02-08T12:56:13 IST" name="setup" finished-at="2023-02-08T12:56:28 IST" duration-ms="15333" status="PASS">
          <reporter-output>
          </reporter-output>
        </test-method> <!-- setup -->
        <test-method signature="NavLoginPage()[pri:0, instance:com.testcases.LoginPageTest@15a34df2]" started-at="2023-02-08T12:56:28 IST" name="NavLoginPage" finished-at="2023-02-08T12:56:29 IST" duration-ms="428" status="PASS">
          <reporter-output>
          </reporter-output>
        </test-method> <!-- NavLoginPage -->
        <test-method signature="loginTest(java.lang.String,java.lang.String)[pri:0, instance:com.testcases.LoginPageTest@15a34df2]" started-at="2023-02-08T12:56:29 IST" name="loginTest" data-provider="excelData" finished-at="2023-02-08T12:56:30 IST" duration-ms="797" status="PASS">
          <params>
            <param index="0">
              <value>
                <![CDATA[vishal@sbt.com]]>
              </value>
            </param>
            <param index="1">
              <value>
                <![CDATA[Vishal@26]]>
              </value>
            </param>
          </params>
          <reporter-output>
          </reporter-output>
        </test-method> <!-- loginTest -->
        <test-method signature="verifyLogin()[pri:0, instance:com.testcases.LoginPageTest@15a34df2]" started-at="2023-02-08T12:56:30 IST" name="verifyLogin" finished-at="2023-02-08T12:56:30 IST" duration-ms="12" status="PASS">
          <reporter-output>
          </reporter-output>
        </test-method> <!-- verifyLogin -->
        <test-method is-config="true" signature="tearDown()[pri:0, instance:com.testcases.LoginPageTest@15a34df2]" started-at="2023-02-08T12:56:30 IST" name="tearDown" finished-at="2023-02-08T12:56:30 IST" duration-ms="225" status="PASS">
          <reporter-output>
          </reporter-output>
        </test-method> <!-- tearDown -->
      </class> <!-- com.testcases.LoginPageTest -->
    </test> <!-- login -->
  </suite> <!-- Your Store -->
</testng-results>
