<?xml version="1.0" encoding="UTF-8"?>
<!-- Generated by org.testng.reporters.JUnitXMLReporter -->
<testsuite ignored="0" hostname="SEVEN-BITS" failures="0" tests="3" name="login" time="17.612" errors="0" timestamp="2023-02-08T12:56:30 IST">
  <testcase classname="com.testcases.LoginPageTest" name="NavLoginPage" time="0.428"/>
  <testcase classname="com.testcases.LoginPageTest" name="loginTest" time="0.797"/>
  <testcase classname="com.testcases.LoginPageTest" name="verifyLogin" time="0.012"/>
</testsuite> <!-- login -->
