<?xml version="1.0" encoding="UTF-8"?>
<!-- Generated by org.testng.reporters.JUnitXMLReporter -->
<testsuite ignored="0" hostname="SEVEN-BITS" failures="0" tests="3" name="register" time="6.42" errors="0" timestamp="2022-07-16T17:20:35 IST">
  <testcase classname="com.testcases.RegisterPageTest" name="navRegPage" time="0.615"/>
  <testcase classname="com.testcases.RegisterPageTest" name="fillRegDetails" time="0.904"/>
  <testcase classname="com.testcases.RegisterPageTest" name="verifyReg" time="0.009"/>
</testsuite> <!-- register -->
